D:\编程用文件夹\并行计算\MY_SCALE\MY_SCALE\X64\DEBUG\MY_SCALE_1.PCH
D:\编程用文件夹\并行计算\MY_SCALE\MY_SCALE\X64\DEBUG\STDAFX.OBJ
D:\编程用文件夹\并行计算\MY_SCALE\MY_SCALE\X64\DEBUG\VC110.PDB
D:\编程用文件夹\并行计算\MY_SCALE\MY_SCALE\X64\DEBUG\MYJOINT.OBJ
D:\编程用文件夹\并行计算\MY_SCALE\MY_SCALE\X64\DEBUG\MY_SCALE.OBJ
D:\编程用文件夹\并行计算\MY_SCALE\MY_SCALE\X64\DEBUG\MY_SCALEDLG.OBJ
D:\编程用文件夹\并行计算\MY_SCALE\MY_SCALE\X64\DEBUG\MYOPENGL.OBJ
D:\编程用文件夹\并行计算\MY_SCALE\MY_SCALE\X64\DEBUG\MY_SCALE.RES
D:\编程用文件夹\并行计算\My_Scale\My_Scale\x64\Debug\MyJoint.obj
D:\编程用文件夹\并行计算\My_Scale\My_Scale\x64\Debug\MyOpenGL.obj
D:\编程用文件夹\并行计算\My_Scale\My_Scale\x64\Debug\My_Scale.obj
D:\编程用文件夹\并行计算\My_Scale\My_Scale\x64\Debug\My_ScaleDlg.obj
D:\编程用文件夹\并行计算\My_Scale\My_Scale\x64\Debug\stdafx.obj
D:\编程用文件夹\并行计算\My_Scale\My_Scale\x64\Debug\cl.command.1.tlog
D:\编程用文件夹\并行计算\My_Scale\My_Scale\x64\Debug\CL.read.1.tlog
D:\编程用文件夹\并行计算\My_Scale\My_Scale\x64\Debug\CL.write.1.tlog
D:\编程用文件夹\并行计算\My_Scale\My_Scale\x64\Debug\link-cvtres.read.1.tlog
D:\编程用文件夹\并行计算\My_Scale\My_Scale\x64\Debug\link-cvtres.write.1.tlog
D:\编程用文件夹\并行计算\My_Scale\My_Scale\x64\Debug\link-mt.read.1.tlog
D:\编程用文件夹\并行计算\My_Scale\My_Scale\x64\Debug\link-mt.write.1.tlog
D:\编程用文件夹\并行计算\My_Scale\My_Scale\x64\Debug\link-rc.read.1.tlog
D:\编程用文件夹\并行计算\My_Scale\My_Scale\x64\Debug\link-rc.write.1.tlog
D:\编程用文件夹\并行计算\My_Scale\My_Scale\x64\Debug\link.7568-cvtres.read.1.tlog
D:\编程用文件夹\并行计算\My_Scale\My_Scale\x64\Debug\link.7568-cvtres.write.1.tlog
D:\编程用文件夹\并行计算\My_Scale\My_Scale\x64\Debug\link.7568-mt.read.1.tlog
D:\编程用文件夹\并行计算\My_Scale\My_Scale\x64\Debug\link.7568-mt.write.1.tlog
D:\编程用文件夹\并行计算\My_Scale\My_Scale\x64\Debug\link.7568-rc.read.1.tlog
D:\编程用文件夹\并行计算\My_Scale\My_Scale\x64\Debug\link.7568-rc.write.1.tlog
D:\编程用文件夹\并行计算\My_Scale\My_Scale\x64\Debug\link.7568.read.1.tlog
D:\编程用文件夹\并行计算\My_Scale\My_Scale\x64\Debug\link.7568.write.1.tlog
D:\编程用文件夹\并行计算\My_Scale\My_Scale\x64\Debug\link.7820-cvtres.read.1.tlog
D:\编程用文件夹\并行计算\My_Scale\My_Scale\x64\Debug\link.7820-cvtres.write.1.tlog
D:\编程用文件夹\并行计算\My_Scale\My_Scale\x64\Debug\link.7820-mt.read.1.tlog
D:\编程用文件夹\并行计算\My_Scale\My_Scale\x64\Debug\link.7820-mt.write.1.tlog
D:\编程用文件夹\并行计算\My_Scale\My_Scale\x64\Debug\link.7820-rc.read.1.tlog
D:\编程用文件夹\并行计算\My_Scale\My_Scale\x64\Debug\link.7820-rc.write.1.tlog
D:\编程用文件夹\并行计算\My_Scale\My_Scale\x64\Debug\link.7820.read.1.tlog
D:\编程用文件夹\并行计算\My_Scale\My_Scale\x64\Debug\link.7820.write.1.tlog
D:\编程用文件夹\并行计算\My_Scale\My_Scale\x64\Debug\link.9316-cvtres.read.1.tlog
D:\编程用文件夹\并行计算\My_Scale\My_Scale\x64\Debug\link.9316-cvtres.write.1.tlog
D:\编程用文件夹\并行计算\My_Scale\My_Scale\x64\Debug\link.9316-mt.read.1.tlog
D:\编程用文件夹\并行计算\My_Scale\My_Scale\x64\Debug\link.9316-mt.write.1.tlog
D:\编程用文件夹\并行计算\My_Scale\My_Scale\x64\Debug\link.9316-rc.read.1.tlog
D:\编程用文件夹\并行计算\My_Scale\My_Scale\x64\Debug\link.9316-rc.write.1.tlog
D:\编程用文件夹\并行计算\My_Scale\My_Scale\x64\Debug\link.9316.read.1.tlog
D:\编程用文件夹\并行计算\My_Scale\My_Scale\x64\Debug\link.9316.write.1.tlog
D:\编程用文件夹\并行计算\My_Scale\My_Scale\x64\Debug\link.command.1.tlog
D:\编程用文件夹\并行计算\My_Scale\My_Scale\x64\Debug\link.read.1.tlog
D:\编程用文件夹\并行计算\My_Scale\My_Scale\x64\Debug\link.write.1.tlog
D:\编程用文件夹\并行计算\My_Scale\My_Scale\x64\Debug\rc.command.1.tlog
D:\编程用文件夹\并行计算\My_Scale\My_Scale\x64\Debug\rc.read.1.tlog
D:\编程用文件夹\并行计算\My_Scale\My_Scale\x64\Debug\rc.write.1.tlog
D:\编程用文件夹\并行计算\My_Scale\My_Scale\x64\Debug\My_Scale.res
D:\编程用文件夹\并行计算\My_Scale\My_Scale\x64\Debug\My_Scale_1.pch
D:\编程用文件夹\并行计算\My_Scale\My_Scale\x64\Debug\vc110.idb
D:\编程用文件夹\并行计算\My_Scale\My_Scale\x64\Debug\vc110.pdb
D:\编程用文件夹\并行计算\My_Scale\x64\Debug\My_Scale_1.pdb
D:\编程用文件夹\并行计算\My_Scale\x64\Debug\My_Scale_1.ilk
