D:\编程用文件夹\并行计算\MY_SCALE\MY_SCALE\X64\DEBUG\MY_SCALE.PCH
D:\编程用文件夹\并行计算\MY_SCALE\MY_SCALE\X64\DEBUG\STDAFX.OBJ
D:\编程用文件夹\并行计算\MY_SCALE\MY_SCALE\X64\DEBUG\VC110.PDB
D:\编程用文件夹\并行计算\MY_SCALE\MY_SCALE\X64\DEBUG\MY_SCALE.OBJ
D:\编程用文件夹\并行计算\MY_SCALE\MY_SCALE\X64\DEBUG\MY_SCALEDLG.OBJ
D:\编程用文件夹\并行计算\MY_SCALE\MY_SCALE\X64\DEBUG\MYOPENGL.OBJ
D:\编程用文件夹\并行计算\MY_SCALE\MY_SCALE\X64\DEBUG\MYJOINT.OBJ
D:\编程用文件夹\并行计算\MY_SCALE\MY_SCALE\X64\DEBUG\MY_SCALE.RES
D:\编程用文件夹\并行计算\My_Scale\My_Scale\x64\Debug\MyJoint.obj
D:\编程用文件夹\并行计算\My_Scale\My_Scale\x64\Debug\MyOpenGL.obj
D:\编程用文件夹\并行计算\My_Scale\My_Scale\x64\Debug\My_Scale.obj
D:\编程用文件夹\并行计算\My_Scale\My_Scale\x64\Debug\My_ScaleDlg.obj
D:\编程用文件夹\并行计算\My_Scale\My_Scale\x64\Debug\stdafx.obj
D:\编程用文件夹\并行计算\My_Scale\My_Scale\x64\Debug\cl.command.1.tlog
D:\编程用文件夹\并行计算\My_Scale\My_Scale\x64\Debug\CL.read.1.tlog
D:\编程用文件夹\并行计算\My_Scale\My_Scale\x64\Debug\CL.write.1.tlog
D:\编程用文件夹\并行计算\My_Scale\My_Scale\x64\Debug\link-cvtres.read.1.tlog
D:\编程用文件夹\并行计算\My_Scale\My_Scale\x64\Debug\link-cvtres.write.1.tlog
D:\编程用文件夹\并行计算\My_Scale\My_Scale\x64\Debug\link-mt.read.1.tlog
D:\编程用文件夹\并行计算\My_Scale\My_Scale\x64\Debug\link-mt.write.1.tlog
D:\编程用文件夹\并行计算\My_Scale\My_Scale\x64\Debug\link-rc.read.1.tlog
D:\编程用文件夹\并行计算\My_Scale\My_Scale\x64\Debug\link-rc.write.1.tlog
D:\编程用文件夹\并行计算\My_Scale\My_Scale\x64\Debug\link.10000-cvtres.read.1.tlog
D:\编程用文件夹\并行计算\My_Scale\My_Scale\x64\Debug\link.10000-cvtres.write.1.tlog
D:\编程用文件夹\并行计算\My_Scale\My_Scale\x64\Debug\link.10000-mt.read.1.tlog
D:\编程用文件夹\并行计算\My_Scale\My_Scale\x64\Debug\link.10000-mt.write.1.tlog
D:\编程用文件夹\并行计算\My_Scale\My_Scale\x64\Debug\link.10000-rc.read.1.tlog
D:\编程用文件夹\并行计算\My_Scale\My_Scale\x64\Debug\link.10000-rc.write.1.tlog
D:\编程用文件夹\并行计算\My_Scale\My_Scale\x64\Debug\link.10000.read.1.tlog
D:\编程用文件夹\并行计算\My_Scale\My_Scale\x64\Debug\link.10000.write.1.tlog
D:\编程用文件夹\并行计算\My_Scale\My_Scale\x64\Debug\link.10024-cvtres.read.1.tlog
D:\编程用文件夹\并行计算\My_Scale\My_Scale\x64\Debug\link.10024-cvtres.write.1.tlog
D:\编程用文件夹\并行计算\My_Scale\My_Scale\x64\Debug\link.10024-mt.read.1.tlog
D:\编程用文件夹\并行计算\My_Scale\My_Scale\x64\Debug\link.10024-mt.write.1.tlog
D:\编程用文件夹\并行计算\My_Scale\My_Scale\x64\Debug\link.10024-rc.read.1.tlog
D:\编程用文件夹\并行计算\My_Scale\My_Scale\x64\Debug\link.10024-rc.write.1.tlog
D:\编程用文件夹\并行计算\My_Scale\My_Scale\x64\Debug\link.10024.read.1.tlog
D:\编程用文件夹\并行计算\My_Scale\My_Scale\x64\Debug\link.10024.write.1.tlog
D:\编程用文件夹\并行计算\My_Scale\My_Scale\x64\Debug\link.10072-cvtres.read.1.tlog
D:\编程用文件夹\并行计算\My_Scale\My_Scale\x64\Debug\link.10072-cvtres.write.1.tlog
D:\编程用文件夹\并行计算\My_Scale\My_Scale\x64\Debug\link.10072-mt.read.1.tlog
D:\编程用文件夹\并行计算\My_Scale\My_Scale\x64\Debug\link.10072-mt.write.1.tlog
D:\编程用文件夹\并行计算\My_Scale\My_Scale\x64\Debug\link.10072-rc.read.1.tlog
D:\编程用文件夹\并行计算\My_Scale\My_Scale\x64\Debug\link.10072-rc.write.1.tlog
D:\编程用文件夹\并行计算\My_Scale\My_Scale\x64\Debug\link.10072.read.1.tlog
D:\编程用文件夹\并行计算\My_Scale\My_Scale\x64\Debug\link.10072.write.1.tlog
D:\编程用文件夹\并行计算\My_Scale\My_Scale\x64\Debug\link.10564-cvtres.read.1.tlog
D:\编程用文件夹\并行计算\My_Scale\My_Scale\x64\Debug\link.10564-cvtres.write.1.tlog
D:\编程用文件夹\并行计算\My_Scale\My_Scale\x64\Debug\link.10564-mt.read.1.tlog
D:\编程用文件夹\并行计算\My_Scale\My_Scale\x64\Debug\link.10564-mt.write.1.tlog
D:\编程用文件夹\并行计算\My_Scale\My_Scale\x64\Debug\link.10564-rc.read.1.tlog
D:\编程用文件夹\并行计算\My_Scale\My_Scale\x64\Debug\link.10564-rc.write.1.tlog
D:\编程用文件夹\并行计算\My_Scale\My_Scale\x64\Debug\link.10564.read.1.tlog
D:\编程用文件夹\并行计算\My_Scale\My_Scale\x64\Debug\link.10564.write.1.tlog
D:\编程用文件夹\并行计算\My_Scale\My_Scale\x64\Debug\link.10948-cvtres.read.1.tlog
D:\编程用文件夹\并行计算\My_Scale\My_Scale\x64\Debug\link.10948-cvtres.write.1.tlog
D:\编程用文件夹\并行计算\My_Scale\My_Scale\x64\Debug\link.10948-mt.read.1.tlog
D:\编程用文件夹\并行计算\My_Scale\My_Scale\x64\Debug\link.10948-mt.write.1.tlog
D:\编程用文件夹\并行计算\My_Scale\My_Scale\x64\Debug\link.10948-rc.read.1.tlog
D:\编程用文件夹\并行计算\My_Scale\My_Scale\x64\Debug\link.10948-rc.write.1.tlog
D:\编程用文件夹\并行计算\My_Scale\My_Scale\x64\Debug\link.10948.read.1.tlog
D:\编程用文件夹\并行计算\My_Scale\My_Scale\x64\Debug\link.10948.write.1.tlog
D:\编程用文件夹\并行计算\My_Scale\My_Scale\x64\Debug\link.11140-cvtres.read.1.tlog
D:\编程用文件夹\并行计算\My_Scale\My_Scale\x64\Debug\link.11140-cvtres.write.1.tlog
D:\编程用文件夹\并行计算\My_Scale\My_Scale\x64\Debug\link.11140-mt.read.1.tlog
D:\编程用文件夹\并行计算\My_Scale\My_Scale\x64\Debug\link.11140-mt.write.1.tlog
D:\编程用文件夹\并行计算\My_Scale\My_Scale\x64\Debug\link.11140-rc.read.1.tlog
D:\编程用文件夹\并行计算\My_Scale\My_Scale\x64\Debug\link.11140-rc.write.1.tlog
D:\编程用文件夹\并行计算\My_Scale\My_Scale\x64\Debug\link.11140.read.1.tlog
D:\编程用文件夹\并行计算\My_Scale\My_Scale\x64\Debug\link.11140.write.1.tlog
D:\编程用文件夹\并行计算\My_Scale\My_Scale\x64\Debug\link.1428-cvtres.read.1.tlog
D:\编程用文件夹\并行计算\My_Scale\My_Scale\x64\Debug\link.1428-cvtres.write.1.tlog
D:\编程用文件夹\并行计算\My_Scale\My_Scale\x64\Debug\link.1428-mt.read.1.tlog
D:\编程用文件夹\并行计算\My_Scale\My_Scale\x64\Debug\link.1428-mt.write.1.tlog
D:\编程用文件夹\并行计算\My_Scale\My_Scale\x64\Debug\link.1428-rc.read.1.tlog
D:\编程用文件夹\并行计算\My_Scale\My_Scale\x64\Debug\link.1428-rc.write.1.tlog
D:\编程用文件夹\并行计算\My_Scale\My_Scale\x64\Debug\link.1428.read.1.tlog
D:\编程用文件夹\并行计算\My_Scale\My_Scale\x64\Debug\link.1428.write.1.tlog
D:\编程用文件夹\并行计算\My_Scale\My_Scale\x64\Debug\link.2160-cvtres.read.1.tlog
D:\编程用文件夹\并行计算\My_Scale\My_Scale\x64\Debug\link.2160-cvtres.write.1.tlog
D:\编程用文件夹\并行计算\My_Scale\My_Scale\x64\Debug\link.2160-mt.read.1.tlog
D:\编程用文件夹\并行计算\My_Scale\My_Scale\x64\Debug\link.2160-mt.write.1.tlog
D:\编程用文件夹\并行计算\My_Scale\My_Scale\x64\Debug\link.2160-rc.read.1.tlog
D:\编程用文件夹\并行计算\My_Scale\My_Scale\x64\Debug\link.2160-rc.write.1.tlog
D:\编程用文件夹\并行计算\My_Scale\My_Scale\x64\Debug\link.2160.read.1.tlog
D:\编程用文件夹\并行计算\My_Scale\My_Scale\x64\Debug\link.2160.write.1.tlog
D:\编程用文件夹\并行计算\My_Scale\My_Scale\x64\Debug\link.2284-cvtres.read.1.tlog
D:\编程用文件夹\并行计算\My_Scale\My_Scale\x64\Debug\link.2284-cvtres.write.1.tlog
D:\编程用文件夹\并行计算\My_Scale\My_Scale\x64\Debug\link.2284-mt.read.1.tlog
D:\编程用文件夹\并行计算\My_Scale\My_Scale\x64\Debug\link.2284-mt.write.1.tlog
D:\编程用文件夹\并行计算\My_Scale\My_Scale\x64\Debug\link.2284-rc.read.1.tlog
D:\编程用文件夹\并行计算\My_Scale\My_Scale\x64\Debug\link.2284-rc.write.1.tlog
D:\编程用文件夹\并行计算\My_Scale\My_Scale\x64\Debug\link.2284.read.1.tlog
D:\编程用文件夹\并行计算\My_Scale\My_Scale\x64\Debug\link.2284.write.1.tlog
D:\编程用文件夹\并行计算\My_Scale\My_Scale\x64\Debug\link.4232-cvtres.read.1.tlog
D:\编程用文件夹\并行计算\My_Scale\My_Scale\x64\Debug\link.4232-cvtres.write.1.tlog
D:\编程用文件夹\并行计算\My_Scale\My_Scale\x64\Debug\link.4232-mt.read.1.tlog
D:\编程用文件夹\并行计算\My_Scale\My_Scale\x64\Debug\link.4232-mt.write.1.tlog
D:\编程用文件夹\并行计算\My_Scale\My_Scale\x64\Debug\link.4232-rc.read.1.tlog
D:\编程用文件夹\并行计算\My_Scale\My_Scale\x64\Debug\link.4232-rc.write.1.tlog
D:\编程用文件夹\并行计算\My_Scale\My_Scale\x64\Debug\link.4232.read.1.tlog
D:\编程用文件夹\并行计算\My_Scale\My_Scale\x64\Debug\link.4232.write.1.tlog
D:\编程用文件夹\并行计算\My_Scale\My_Scale\x64\Debug\link.5424-cvtres.read.1.tlog
D:\编程用文件夹\并行计算\My_Scale\My_Scale\x64\Debug\link.5424-cvtres.write.1.tlog
D:\编程用文件夹\并行计算\My_Scale\My_Scale\x64\Debug\link.5424-mt.read.1.tlog
D:\编程用文件夹\并行计算\My_Scale\My_Scale\x64\Debug\link.5424-mt.write.1.tlog
D:\编程用文件夹\并行计算\My_Scale\My_Scale\x64\Debug\link.5424-rc.read.1.tlog
D:\编程用文件夹\并行计算\My_Scale\My_Scale\x64\Debug\link.5424-rc.write.1.tlog
D:\编程用文件夹\并行计算\My_Scale\My_Scale\x64\Debug\link.5424.read.1.tlog
D:\编程用文件夹\并行计算\My_Scale\My_Scale\x64\Debug\link.5424.write.1.tlog
D:\编程用文件夹\并行计算\My_Scale\My_Scale\x64\Debug\link.5496-cvtres.read.1.tlog
D:\编程用文件夹\并行计算\My_Scale\My_Scale\x64\Debug\link.5496-cvtres.write.1.tlog
D:\编程用文件夹\并行计算\My_Scale\My_Scale\x64\Debug\link.5496-mt.read.1.tlog
D:\编程用文件夹\并行计算\My_Scale\My_Scale\x64\Debug\link.5496-mt.write.1.tlog
D:\编程用文件夹\并行计算\My_Scale\My_Scale\x64\Debug\link.5496-rc.read.1.tlog
D:\编程用文件夹\并行计算\My_Scale\My_Scale\x64\Debug\link.5496-rc.write.1.tlog
D:\编程用文件夹\并行计算\My_Scale\My_Scale\x64\Debug\link.5496.read.1.tlog
D:\编程用文件夹\并行计算\My_Scale\My_Scale\x64\Debug\link.5496.write.1.tlog
D:\编程用文件夹\并行计算\My_Scale\My_Scale\x64\Debug\link.6276-cvtres.read.1.tlog
D:\编程用文件夹\并行计算\My_Scale\My_Scale\x64\Debug\link.6276-cvtres.write.1.tlog
D:\编程用文件夹\并行计算\My_Scale\My_Scale\x64\Debug\link.6276-mt.read.1.tlog
D:\编程用文件夹\并行计算\My_Scale\My_Scale\x64\Debug\link.6276-mt.write.1.tlog
D:\编程用文件夹\并行计算\My_Scale\My_Scale\x64\Debug\link.6276-rc.read.1.tlog
D:\编程用文件夹\并行计算\My_Scale\My_Scale\x64\Debug\link.6276-rc.write.1.tlog
D:\编程用文件夹\并行计算\My_Scale\My_Scale\x64\Debug\link.6276.read.1.tlog
D:\编程用文件夹\并行计算\My_Scale\My_Scale\x64\Debug\link.6276.write.1.tlog
D:\编程用文件夹\并行计算\My_Scale\My_Scale\x64\Debug\link.6332-cvtres.read.1.tlog
D:\编程用文件夹\并行计算\My_Scale\My_Scale\x64\Debug\link.6332-cvtres.write.1.tlog
D:\编程用文件夹\并行计算\My_Scale\My_Scale\x64\Debug\link.6332-mt.read.1.tlog
D:\编程用文件夹\并行计算\My_Scale\My_Scale\x64\Debug\link.6332-mt.write.1.tlog
D:\编程用文件夹\并行计算\My_Scale\My_Scale\x64\Debug\link.6332-rc.read.1.tlog
D:\编程用文件夹\并行计算\My_Scale\My_Scale\x64\Debug\link.6332-rc.write.1.tlog
D:\编程用文件夹\并行计算\My_Scale\My_Scale\x64\Debug\link.6332.read.1.tlog
D:\编程用文件夹\并行计算\My_Scale\My_Scale\x64\Debug\link.6332.write.1.tlog
D:\编程用文件夹\并行计算\My_Scale\My_Scale\x64\Debug\link.6704-cvtres.read.1.tlog
D:\编程用文件夹\并行计算\My_Scale\My_Scale\x64\Debug\link.6704-cvtres.write.1.tlog
D:\编程用文件夹\并行计算\My_Scale\My_Scale\x64\Debug\link.6704-mt.read.1.tlog
D:\编程用文件夹\并行计算\My_Scale\My_Scale\x64\Debug\link.6704-mt.write.1.tlog
D:\编程用文件夹\并行计算\My_Scale\My_Scale\x64\Debug\link.6704-rc.read.1.tlog
D:\编程用文件夹\并行计算\My_Scale\My_Scale\x64\Debug\link.6704-rc.write.1.tlog
D:\编程用文件夹\并行计算\My_Scale\My_Scale\x64\Debug\link.6704.read.1.tlog
D:\编程用文件夹\并行计算\My_Scale\My_Scale\x64\Debug\link.6704.write.1.tlog
D:\编程用文件夹\并行计算\My_Scale\My_Scale\x64\Debug\link.6776-cvtres.read.1.tlog
D:\编程用文件夹\并行计算\My_Scale\My_Scale\x64\Debug\link.6776-cvtres.write.1.tlog
D:\编程用文件夹\并行计算\My_Scale\My_Scale\x64\Debug\link.6776-mt.read.1.tlog
D:\编程用文件夹\并行计算\My_Scale\My_Scale\x64\Debug\link.6776-mt.write.1.tlog
D:\编程用文件夹\并行计算\My_Scale\My_Scale\x64\Debug\link.6776-rc.read.1.tlog
D:\编程用文件夹\并行计算\My_Scale\My_Scale\x64\Debug\link.6776-rc.write.1.tlog
D:\编程用文件夹\并行计算\My_Scale\My_Scale\x64\Debug\link.6776.read.1.tlog
D:\编程用文件夹\并行计算\My_Scale\My_Scale\x64\Debug\link.6776.write.1.tlog
D:\编程用文件夹\并行计算\My_Scale\My_Scale\x64\Debug\link.7032-cvtres.read.1.tlog
D:\编程用文件夹\并行计算\My_Scale\My_Scale\x64\Debug\link.7032-cvtres.write.1.tlog
D:\编程用文件夹\并行计算\My_Scale\My_Scale\x64\Debug\link.7032-mt.read.1.tlog
D:\编程用文件夹\并行计算\My_Scale\My_Scale\x64\Debug\link.7032-mt.write.1.tlog
D:\编程用文件夹\并行计算\My_Scale\My_Scale\x64\Debug\link.7032-rc.read.1.tlog
D:\编程用文件夹\并行计算\My_Scale\My_Scale\x64\Debug\link.7032-rc.write.1.tlog
D:\编程用文件夹\并行计算\My_Scale\My_Scale\x64\Debug\link.7032.read.1.tlog
D:\编程用文件夹\并行计算\My_Scale\My_Scale\x64\Debug\link.7032.write.1.tlog
D:\编程用文件夹\并行计算\My_Scale\My_Scale\x64\Debug\link.7216-cvtres.read.1.tlog
D:\编程用文件夹\并行计算\My_Scale\My_Scale\x64\Debug\link.7216-cvtres.write.1.tlog
D:\编程用文件夹\并行计算\My_Scale\My_Scale\x64\Debug\link.7216-mt.read.1.tlog
D:\编程用文件夹\并行计算\My_Scale\My_Scale\x64\Debug\link.7216-mt.write.1.tlog
D:\编程用文件夹\并行计算\My_Scale\My_Scale\x64\Debug\link.7216-rc.read.1.tlog
D:\编程用文件夹\并行计算\My_Scale\My_Scale\x64\Debug\link.7216-rc.write.1.tlog
D:\编程用文件夹\并行计算\My_Scale\My_Scale\x64\Debug\link.7216.read.1.tlog
D:\编程用文件夹\并行计算\My_Scale\My_Scale\x64\Debug\link.7216.write.1.tlog
D:\编程用文件夹\并行计算\My_Scale\My_Scale\x64\Debug\link.7576-cvtres.read.1.tlog
D:\编程用文件夹\并行计算\My_Scale\My_Scale\x64\Debug\link.7576-cvtres.write.1.tlog
D:\编程用文件夹\并行计算\My_Scale\My_Scale\x64\Debug\link.7576-mt.read.1.tlog
D:\编程用文件夹\并行计算\My_Scale\My_Scale\x64\Debug\link.7576-mt.write.1.tlog
D:\编程用文件夹\并行计算\My_Scale\My_Scale\x64\Debug\link.7576-rc.read.1.tlog
D:\编程用文件夹\并行计算\My_Scale\My_Scale\x64\Debug\link.7576-rc.write.1.tlog
D:\编程用文件夹\并行计算\My_Scale\My_Scale\x64\Debug\link.7576.read.1.tlog
D:\编程用文件夹\并行计算\My_Scale\My_Scale\x64\Debug\link.7576.write.1.tlog
D:\编程用文件夹\并行计算\My_Scale\My_Scale\x64\Debug\link.7728-cvtres.read.1.tlog
D:\编程用文件夹\并行计算\My_Scale\My_Scale\x64\Debug\link.7728-cvtres.write.1.tlog
D:\编程用文件夹\并行计算\My_Scale\My_Scale\x64\Debug\link.7728-mt.read.1.tlog
D:\编程用文件夹\并行计算\My_Scale\My_Scale\x64\Debug\link.7728-mt.write.1.tlog
D:\编程用文件夹\并行计算\My_Scale\My_Scale\x64\Debug\link.7728-rc.read.1.tlog
D:\编程用文件夹\并行计算\My_Scale\My_Scale\x64\Debug\link.7728-rc.write.1.tlog
D:\编程用文件夹\并行计算\My_Scale\My_Scale\x64\Debug\link.7728.read.1.tlog
D:\编程用文件夹\并行计算\My_Scale\My_Scale\x64\Debug\link.7728.write.1.tlog
D:\编程用文件夹\并行计算\My_Scale\My_Scale\x64\Debug\link.7860-cvtres.read.1.tlog
D:\编程用文件夹\并行计算\My_Scale\My_Scale\x64\Debug\link.7860-cvtres.write.1.tlog
D:\编程用文件夹\并行计算\My_Scale\My_Scale\x64\Debug\link.7860-mt.read.1.tlog
D:\编程用文件夹\并行计算\My_Scale\My_Scale\x64\Debug\link.7860-mt.write.1.tlog
D:\编程用文件夹\并行计算\My_Scale\My_Scale\x64\Debug\link.7860-rc.read.1.tlog
D:\编程用文件夹\并行计算\My_Scale\My_Scale\x64\Debug\link.7860-rc.write.1.tlog
D:\编程用文件夹\并行计算\My_Scale\My_Scale\x64\Debug\link.7860.read.1.tlog
D:\编程用文件夹\并行计算\My_Scale\My_Scale\x64\Debug\link.7860.write.1.tlog
D:\编程用文件夹\并行计算\My_Scale\My_Scale\x64\Debug\link.8200-cvtres.read.1.tlog
D:\编程用文件夹\并行计算\My_Scale\My_Scale\x64\Debug\link.8200-cvtres.write.1.tlog
D:\编程用文件夹\并行计算\My_Scale\My_Scale\x64\Debug\link.8200-mt.read.1.tlog
D:\编程用文件夹\并行计算\My_Scale\My_Scale\x64\Debug\link.8200-mt.write.1.tlog
D:\编程用文件夹\并行计算\My_Scale\My_Scale\x64\Debug\link.8200-rc.read.1.tlog
D:\编程用文件夹\并行计算\My_Scale\My_Scale\x64\Debug\link.8200-rc.write.1.tlog
D:\编程用文件夹\并行计算\My_Scale\My_Scale\x64\Debug\link.8200.read.1.tlog
D:\编程用文件夹\并行计算\My_Scale\My_Scale\x64\Debug\link.8200.write.1.tlog
D:\编程用文件夹\并行计算\My_Scale\My_Scale\x64\Debug\link.8248-cvtres.read.1.tlog
D:\编程用文件夹\并行计算\My_Scale\My_Scale\x64\Debug\link.8248-cvtres.write.1.tlog
D:\编程用文件夹\并行计算\My_Scale\My_Scale\x64\Debug\link.8248-mt.read.1.tlog
D:\编程用文件夹\并行计算\My_Scale\My_Scale\x64\Debug\link.8248-mt.write.1.tlog
D:\编程用文件夹\并行计算\My_Scale\My_Scale\x64\Debug\link.8248-rc.read.1.tlog
D:\编程用文件夹\并行计算\My_Scale\My_Scale\x64\Debug\link.8248-rc.write.1.tlog
D:\编程用文件夹\并行计算\My_Scale\My_Scale\x64\Debug\link.8248.read.1.tlog
D:\编程用文件夹\并行计算\My_Scale\My_Scale\x64\Debug\link.8248.write.1.tlog
D:\编程用文件夹\并行计算\My_Scale\My_Scale\x64\Debug\link.8304-cvtres.read.1.tlog
D:\编程用文件夹\并行计算\My_Scale\My_Scale\x64\Debug\link.8304-cvtres.write.1.tlog
D:\编程用文件夹\并行计算\My_Scale\My_Scale\x64\Debug\link.8304-mt.read.1.tlog
D:\编程用文件夹\并行计算\My_Scale\My_Scale\x64\Debug\link.8304-mt.write.1.tlog
D:\编程用文件夹\并行计算\My_Scale\My_Scale\x64\Debug\link.8304-rc.read.1.tlog
D:\编程用文件夹\并行计算\My_Scale\My_Scale\x64\Debug\link.8304-rc.write.1.tlog
D:\编程用文件夹\并行计算\My_Scale\My_Scale\x64\Debug\link.8304.read.1.tlog
D:\编程用文件夹\并行计算\My_Scale\My_Scale\x64\Debug\link.8304.write.1.tlog
D:\编程用文件夹\并行计算\My_Scale\My_Scale\x64\Debug\link.8392-cvtres.read.1.tlog
D:\编程用文件夹\并行计算\My_Scale\My_Scale\x64\Debug\link.8392-cvtres.write.1.tlog
D:\编程用文件夹\并行计算\My_Scale\My_Scale\x64\Debug\link.8392-mt.read.1.tlog
D:\编程用文件夹\并行计算\My_Scale\My_Scale\x64\Debug\link.8392-mt.write.1.tlog
D:\编程用文件夹\并行计算\My_Scale\My_Scale\x64\Debug\link.8392-rc.read.1.tlog
D:\编程用文件夹\并行计算\My_Scale\My_Scale\x64\Debug\link.8392-rc.write.1.tlog
D:\编程用文件夹\并行计算\My_Scale\My_Scale\x64\Debug\link.8392.read.1.tlog
D:\编程用文件夹\并行计算\My_Scale\My_Scale\x64\Debug\link.8392.write.1.tlog
D:\编程用文件夹\并行计算\My_Scale\My_Scale\x64\Debug\link.8588-cvtres.read.1.tlog
D:\编程用文件夹\并行计算\My_Scale\My_Scale\x64\Debug\link.8588-cvtres.write.1.tlog
D:\编程用文件夹\并行计算\My_Scale\My_Scale\x64\Debug\link.8588-mt.read.1.tlog
D:\编程用文件夹\并行计算\My_Scale\My_Scale\x64\Debug\link.8588-mt.write.1.tlog
D:\编程用文件夹\并行计算\My_Scale\My_Scale\x64\Debug\link.8588-rc.read.1.tlog
D:\编程用文件夹\并行计算\My_Scale\My_Scale\x64\Debug\link.8588-rc.write.1.tlog
D:\编程用文件夹\并行计算\My_Scale\My_Scale\x64\Debug\link.8588.read.1.tlog
D:\编程用文件夹\并行计算\My_Scale\My_Scale\x64\Debug\link.8588.write.1.tlog
D:\编程用文件夹\并行计算\My_Scale\My_Scale\x64\Debug\link.8652-cvtres.read.1.tlog
D:\编程用文件夹\并行计算\My_Scale\My_Scale\x64\Debug\link.8652-cvtres.write.1.tlog
D:\编程用文件夹\并行计算\My_Scale\My_Scale\x64\Debug\link.8652-mt.read.1.tlog
D:\编程用文件夹\并行计算\My_Scale\My_Scale\x64\Debug\link.8652-mt.write.1.tlog
D:\编程用文件夹\并行计算\My_Scale\My_Scale\x64\Debug\link.8652-rc.read.1.tlog
D:\编程用文件夹\并行计算\My_Scale\My_Scale\x64\Debug\link.8652-rc.write.1.tlog
D:\编程用文件夹\并行计算\My_Scale\My_Scale\x64\Debug\link.8652.read.1.tlog
D:\编程用文件夹\并行计算\My_Scale\My_Scale\x64\Debug\link.8652.write.1.tlog
D:\编程用文件夹\并行计算\My_Scale\My_Scale\x64\Debug\link.8812-cvtres.read.1.tlog
D:\编程用文件夹\并行计算\My_Scale\My_Scale\x64\Debug\link.8812-cvtres.write.1.tlog
D:\编程用文件夹\并行计算\My_Scale\My_Scale\x64\Debug\link.8812-mt.read.1.tlog
D:\编程用文件夹\并行计算\My_Scale\My_Scale\x64\Debug\link.8812-mt.write.1.tlog
D:\编程用文件夹\并行计算\My_Scale\My_Scale\x64\Debug\link.8812-rc.read.1.tlog
D:\编程用文件夹\并行计算\My_Scale\My_Scale\x64\Debug\link.8812-rc.write.1.tlog
D:\编程用文件夹\并行计算\My_Scale\My_Scale\x64\Debug\link.8812.read.1.tlog
D:\编程用文件夹\并行计算\My_Scale\My_Scale\x64\Debug\link.8812.write.1.tlog
D:\编程用文件夹\并行计算\My_Scale\My_Scale\x64\Debug\link.8876-cvtres.read.1.tlog
D:\编程用文件夹\并行计算\My_Scale\My_Scale\x64\Debug\link.8876-cvtres.write.1.tlog
D:\编程用文件夹\并行计算\My_Scale\My_Scale\x64\Debug\link.8876-mt.read.1.tlog
D:\编程用文件夹\并行计算\My_Scale\My_Scale\x64\Debug\link.8876-mt.write.1.tlog
D:\编程用文件夹\并行计算\My_Scale\My_Scale\x64\Debug\link.8876-rc.read.1.tlog
D:\编程用文件夹\并行计算\My_Scale\My_Scale\x64\Debug\link.8876-rc.write.1.tlog
D:\编程用文件夹\并行计算\My_Scale\My_Scale\x64\Debug\link.8876.read.1.tlog
D:\编程用文件夹\并行计算\My_Scale\My_Scale\x64\Debug\link.8876.write.1.tlog
D:\编程用文件夹\并行计算\My_Scale\My_Scale\x64\Debug\link.8916-cvtres.read.1.tlog
D:\编程用文件夹\并行计算\My_Scale\My_Scale\x64\Debug\link.8916-cvtres.write.1.tlog
D:\编程用文件夹\并行计算\My_Scale\My_Scale\x64\Debug\link.8916-mt.read.1.tlog
D:\编程用文件夹\并行计算\My_Scale\My_Scale\x64\Debug\link.8916-mt.write.1.tlog
D:\编程用文件夹\并行计算\My_Scale\My_Scale\x64\Debug\link.8916-rc.read.1.tlog
D:\编程用文件夹\并行计算\My_Scale\My_Scale\x64\Debug\link.8916-rc.write.1.tlog
D:\编程用文件夹\并行计算\My_Scale\My_Scale\x64\Debug\link.8916.read.1.tlog
D:\编程用文件夹\并行计算\My_Scale\My_Scale\x64\Debug\link.8916.write.1.tlog
D:\编程用文件夹\并行计算\My_Scale\My_Scale\x64\Debug\link.9064-cvtres.read.1.tlog
D:\编程用文件夹\并行计算\My_Scale\My_Scale\x64\Debug\link.9064-cvtres.write.1.tlog
D:\编程用文件夹\并行计算\My_Scale\My_Scale\x64\Debug\link.9064-mt.read.1.tlog
D:\编程用文件夹\并行计算\My_Scale\My_Scale\x64\Debug\link.9064-mt.write.1.tlog
D:\编程用文件夹\并行计算\My_Scale\My_Scale\x64\Debug\link.9064-rc.read.1.tlog
D:\编程用文件夹\并行计算\My_Scale\My_Scale\x64\Debug\link.9064-rc.write.1.tlog
D:\编程用文件夹\并行计算\My_Scale\My_Scale\x64\Debug\link.9064.read.1.tlog
D:\编程用文件夹\并行计算\My_Scale\My_Scale\x64\Debug\link.9064.write.1.tlog
D:\编程用文件夹\并行计算\My_Scale\My_Scale\x64\Debug\link.9164-cvtres.read.1.tlog
D:\编程用文件夹\并行计算\My_Scale\My_Scale\x64\Debug\link.9164-cvtres.write.1.tlog
D:\编程用文件夹\并行计算\My_Scale\My_Scale\x64\Debug\link.9164-mt.read.1.tlog
D:\编程用文件夹\并行计算\My_Scale\My_Scale\x64\Debug\link.9164-mt.write.1.tlog
D:\编程用文件夹\并行计算\My_Scale\My_Scale\x64\Debug\link.9164-rc.read.1.tlog
D:\编程用文件夹\并行计算\My_Scale\My_Scale\x64\Debug\link.9164-rc.write.1.tlog
D:\编程用文件夹\并行计算\My_Scale\My_Scale\x64\Debug\link.9164.read.1.tlog
D:\编程用文件夹\并行计算\My_Scale\My_Scale\x64\Debug\link.9164.write.1.tlog
D:\编程用文件夹\并行计算\My_Scale\My_Scale\x64\Debug\link.9296-cvtres.read.1.tlog
D:\编程用文件夹\并行计算\My_Scale\My_Scale\x64\Debug\link.9296-cvtres.write.1.tlog
D:\编程用文件夹\并行计算\My_Scale\My_Scale\x64\Debug\link.9296-mt.read.1.tlog
D:\编程用文件夹\并行计算\My_Scale\My_Scale\x64\Debug\link.9296-mt.write.1.tlog
D:\编程用文件夹\并行计算\My_Scale\My_Scale\x64\Debug\link.9296-rc.read.1.tlog
D:\编程用文件夹\并行计算\My_Scale\My_Scale\x64\Debug\link.9296-rc.write.1.tlog
D:\编程用文件夹\并行计算\My_Scale\My_Scale\x64\Debug\link.9296.read.1.tlog
D:\编程用文件夹\并行计算\My_Scale\My_Scale\x64\Debug\link.9296.write.1.tlog
D:\编程用文件夹\并行计算\My_Scale\My_Scale\x64\Debug\link.9356-cvtres.read.1.tlog
D:\编程用文件夹\并行计算\My_Scale\My_Scale\x64\Debug\link.9356-cvtres.write.1.tlog
D:\编程用文件夹\并行计算\My_Scale\My_Scale\x64\Debug\link.9356-mt.read.1.tlog
D:\编程用文件夹\并行计算\My_Scale\My_Scale\x64\Debug\link.9356-mt.write.1.tlog
D:\编程用文件夹\并行计算\My_Scale\My_Scale\x64\Debug\link.9356-rc.read.1.tlog
D:\编程用文件夹\并行计算\My_Scale\My_Scale\x64\Debug\link.9356-rc.write.1.tlog
D:\编程用文件夹\并行计算\My_Scale\My_Scale\x64\Debug\link.9356.read.1.tlog
D:\编程用文件夹\并行计算\My_Scale\My_Scale\x64\Debug\link.9356.write.1.tlog
D:\编程用文件夹\并行计算\My_Scale\My_Scale\x64\Debug\link.9408-cvtres.read.1.tlog
D:\编程用文件夹\并行计算\My_Scale\My_Scale\x64\Debug\link.9408-cvtres.write.1.tlog
D:\编程用文件夹\并行计算\My_Scale\My_Scale\x64\Debug\link.9408-mt.read.1.tlog
D:\编程用文件夹\并行计算\My_Scale\My_Scale\x64\Debug\link.9408-mt.write.1.tlog
D:\编程用文件夹\并行计算\My_Scale\My_Scale\x64\Debug\link.9408-rc.read.1.tlog
D:\编程用文件夹\并行计算\My_Scale\My_Scale\x64\Debug\link.9408-rc.write.1.tlog
D:\编程用文件夹\并行计算\My_Scale\My_Scale\x64\Debug\link.9408.read.1.tlog
D:\编程用文件夹\并行计算\My_Scale\My_Scale\x64\Debug\link.9408.write.1.tlog
D:\编程用文件夹\并行计算\My_Scale\My_Scale\x64\Debug\link.9440-cvtres.read.1.tlog
D:\编程用文件夹\并行计算\My_Scale\My_Scale\x64\Debug\link.9440-cvtres.write.1.tlog
D:\编程用文件夹\并行计算\My_Scale\My_Scale\x64\Debug\link.9440-mt.read.1.tlog
D:\编程用文件夹\并行计算\My_Scale\My_Scale\x64\Debug\link.9440-mt.write.1.tlog
D:\编程用文件夹\并行计算\My_Scale\My_Scale\x64\Debug\link.9440-rc.read.1.tlog
D:\编程用文件夹\并行计算\My_Scale\My_Scale\x64\Debug\link.9440-rc.write.1.tlog
D:\编程用文件夹\并行计算\My_Scale\My_Scale\x64\Debug\link.9440.read.1.tlog
D:\编程用文件夹\并行计算\My_Scale\My_Scale\x64\Debug\link.9440.write.1.tlog
D:\编程用文件夹\并行计算\My_Scale\My_Scale\x64\Debug\link.9556-cvtres.read.1.tlog
D:\编程用文件夹\并行计算\My_Scale\My_Scale\x64\Debug\link.9556-cvtres.write.1.tlog
D:\编程用文件夹\并行计算\My_Scale\My_Scale\x64\Debug\link.9556-mt.read.1.tlog
D:\编程用文件夹\并行计算\My_Scale\My_Scale\x64\Debug\link.9556-mt.write.1.tlog
D:\编程用文件夹\并行计算\My_Scale\My_Scale\x64\Debug\link.9556-rc.read.1.tlog
D:\编程用文件夹\并行计算\My_Scale\My_Scale\x64\Debug\link.9556-rc.write.1.tlog
D:\编程用文件夹\并行计算\My_Scale\My_Scale\x64\Debug\link.9556.read.1.tlog
D:\编程用文件夹\并行计算\My_Scale\My_Scale\x64\Debug\link.9556.write.1.tlog
D:\编程用文件夹\并行计算\My_Scale\My_Scale\x64\Debug\link.9760-cvtres.read.1.tlog
D:\编程用文件夹\并行计算\My_Scale\My_Scale\x64\Debug\link.9760-cvtres.write.1.tlog
D:\编程用文件夹\并行计算\My_Scale\My_Scale\x64\Debug\link.9760-mt.read.1.tlog
D:\编程用文件夹\并行计算\My_Scale\My_Scale\x64\Debug\link.9760-mt.write.1.tlog
D:\编程用文件夹\并行计算\My_Scale\My_Scale\x64\Debug\link.9760-rc.read.1.tlog
D:\编程用文件夹\并行计算\My_Scale\My_Scale\x64\Debug\link.9760-rc.write.1.tlog
D:\编程用文件夹\并行计算\My_Scale\My_Scale\x64\Debug\link.9760.read.1.tlog
D:\编程用文件夹\并行计算\My_Scale\My_Scale\x64\Debug\link.9760.write.1.tlog
D:\编程用文件夹\并行计算\My_Scale\My_Scale\x64\Debug\link.9884-cvtres.read.1.tlog
D:\编程用文件夹\并行计算\My_Scale\My_Scale\x64\Debug\link.9884-cvtres.write.1.tlog
D:\编程用文件夹\并行计算\My_Scale\My_Scale\x64\Debug\link.9884-mt.read.1.tlog
D:\编程用文件夹\并行计算\My_Scale\My_Scale\x64\Debug\link.9884-mt.write.1.tlog
D:\编程用文件夹\并行计算\My_Scale\My_Scale\x64\Debug\link.9884-rc.read.1.tlog
D:\编程用文件夹\并行计算\My_Scale\My_Scale\x64\Debug\link.9884-rc.write.1.tlog
D:\编程用文件夹\并行计算\My_Scale\My_Scale\x64\Debug\link.9884.read.1.tlog
D:\编程用文件夹\并行计算\My_Scale\My_Scale\x64\Debug\link.9884.write.1.tlog
D:\编程用文件夹\并行计算\My_Scale\My_Scale\x64\Debug\link.9944-cvtres.read.1.tlog
D:\编程用文件夹\并行计算\My_Scale\My_Scale\x64\Debug\link.9944-cvtres.write.1.tlog
D:\编程用文件夹\并行计算\My_Scale\My_Scale\x64\Debug\link.9944-mt.read.1.tlog
D:\编程用文件夹\并行计算\My_Scale\My_Scale\x64\Debug\link.9944-mt.write.1.tlog
D:\编程用文件夹\并行计算\My_Scale\My_Scale\x64\Debug\link.9944-rc.read.1.tlog
D:\编程用文件夹\并行计算\My_Scale\My_Scale\x64\Debug\link.9944-rc.write.1.tlog
D:\编程用文件夹\并行计算\My_Scale\My_Scale\x64\Debug\link.9944.read.1.tlog
D:\编程用文件夹\并行计算\My_Scale\My_Scale\x64\Debug\link.9944.write.1.tlog
D:\编程用文件夹\并行计算\My_Scale\My_Scale\x64\Debug\link.command.1.tlog
D:\编程用文件夹\并行计算\My_Scale\My_Scale\x64\Debug\link.read.1.tlog
D:\编程用文件夹\并行计算\My_Scale\My_Scale\x64\Debug\link.write.1.tlog
D:\编程用文件夹\并行计算\My_Scale\My_Scale\x64\Debug\rc.command.1.tlog
D:\编程用文件夹\并行计算\My_Scale\My_Scale\x64\Debug\rc.read.1.tlog
D:\编程用文件夹\并行计算\My_Scale\My_Scale\x64\Debug\rc.write.1.tlog
D:\编程用文件夹\并行计算\My_Scale\My_Scale\x64\Debug\My_Scale.res
D:\编程用文件夹\并行计算\My_Scale\My_Scale\x64\Debug\My_Scale.pch
D:\编程用文件夹\并行计算\My_Scale\My_Scale\x64\Debug\vc110.idb
D:\编程用文件夹\并行计算\My_Scale\My_Scale\x64\Debug\vc110.pdb
D:\编程用文件夹\并行计算\My_Scale\x64\Debug\My_Scale.pdb
D:\编程用文件夹\并行计算\My_Scale\x64\Debug\My_Scale.exe
